<?xml version="1.0" encoding="UTF-8"?>
<!-- Generated by org.testng.reporters.JUnitReportReporter -->
<testsuite hostname="Yogeshs-MacBook-Air.local" failures="0" tests="2" name="com.gen.tests.LoginPageTest" time="9.442" errors="0" timestamp="7 Jun 2022 01:53:02 GMT">
  <testcase classname="com.gen.tests.LoginPageTest" name="title" time="1.348"/>
  <testcase classname="com.gen.tests.LoginPageTest" name="search" time="8.094"/>
</testsuite> <!-- com.gen.tests.LoginPageTest -->
