<?xml version="1.0" encoding="UTF-8"?>
<!-- Generated by org.testng.reporters.JUnitReportReporter -->
<testsuite hostname="Yogeshs-MacBook-Air.local" failures="0" tests="2" name="com.gen.tests.LoginPageTest" time="10.514" errors="0" timestamp="6 Jun 2022 16:45:49 GMT">
  <testcase classname="com.gen.tests.LoginPageTest" name="search" time="10.458"/>
  <testcase classname="com.gen.tests.LoginPageTest" name="title" time="0.056"/>
</testsuite> <!-- com.gen.tests.LoginPageTest -->
