<?xml version="1.0" encoding="UTF-8"?>
<!-- Generated by org.testng.reporters.JUnitReportReporter -->
<testsuite hostname="Yogeshs-MacBook-Air.local" failures="0" tests="1" name="Framework.POMGenerics.AppTest" time="0.009" errors="0" timestamp="5 Jun 2022 12:48:34 GMT">
  <testcase classname="Framework.POMGenerics.AppTest" name="testApp" time="0.009"/>
</testsuite> <!-- Framework.POMGenerics.AppTest -->
